Name                                                  Stmts   Miss  Cover   Missing
-----------------------------------------------------------------------------------
euphoria/__init__.py                                      5      0   100%
euphoria/backend/__init__.py                              0      0   100%
euphoria/backend/api/__init__.py                          0      0   100%
euphoria/backend/api/crud/__init__.py                     1      0   100%
euphoria/backend/api/crud/base.py                        40     13    68%   30, 49-60, 68
euphoria/backend/api/crud/tasks.py                       28      4    86%   35, 43, 59, 77
euphoria/backend/api/endpoints/__init__.py                0      0   100%
euphoria/backend/api/endpoints/health.py                 10      0   100%
euphoria/backend/api/endpoints/tasks.py                  32      3    91%   34, 60, 67
euphoria/backend/common/__init__.py                       0      0   100%
euphoria/backend/common/db/__init__.py                    0      0   100%
euphoria/backend/common/db/sqlalchemy/__init__.py         0      0   100%
euphoria/backend/common/db/sqlalchemy/base.py             2      0   100%
euphoria/backend/common/db/sqlalchemy/session.py         10      4    60%   13-17
euphoria/backend/common/models/__init__.py                1      0   100%
euphoria/backend/common/models/tasks.py                  36      9    75%   30, 35-37, 41-45
euphoria/backend/common/schemas/__init__.py               2      0   100%
euphoria/backend/common/schemas/health.py                 9      0   100%
euphoria/backend/common/schemas/tasks.py                 21      0   100%
euphoria/base_logger.py                                  13      0   100%
euphoria/config.py                                       52      0   100%
euphoria/environment.py                                  19      9    53%   13-21
euphoria/tests/__init__.py                                0      0   100%
euphoria/tests/backend/api/endpoints/__init__.py          0      0   100%
euphoria/tests/backend/api/endpoints/test_health.py      12      0   100%
euphoria/tests/backend/api/endpoints/test_tasks.py       66      0   100%
euphoria/tests/conftest.py                               62      3    95%   82-84
euphoria/tests/data_generators/__init__.py                1      0   100%
euphoria/tests/data_generators/base.py                   21      2    90%   32, 37
euphoria/tests/data_generators/tasks.py                   8      0   100%
euphoria/tests/helpers.py                                 6      0   100%
euphoria/tests/test_helpers.py                           13      0   100%
-----------------------------------------------------------------------------------
TOTAL                                                   470     47    90%
