{"meta": {"version": "6.5.0", "timestamp": "2022-11-05T19:37:46.509878", "branch_coverage": false, "show_contexts": false}, "files": {"__init__.py": {"executed_lines": [1], "summary": {"covered_lines": 1, "num_statements": 1, "percent_covered": 100.0, "percent_covered_display": "100", "missing_lines": 0, "excluded_lines": 0}, "missing_lines": [], "excluded_lines": []}, "backend/__init__.py": {"executed_lines": [1], "summary": {"covered_lines": 0, "num_statements": 0, "percent_covered": 100.0, "percent_covered_display": "100", "missing_lines": 0, "excluded_lines": 0}, "missing_lines": [], "excluded_lines": []}, "backend/common/__init__.py": {"executed_lines": [1], "summary": {"covered_lines": 0, "num_statements": 0, "percent_covered": 100.0, "percent_covered_display": "100", "missing_lines": 0, "excluded_lines": 0}, "missing_lines": [], "excluded_lines": []}, "backend/common/config.py": {"executed_lines": [1, 2, 3, 4, 7, 8, 9, 12, 13, 15, 17, 22, 23], "summary": {"covered_lines": 13, "num_statements": 60, "percent_covered": 21.666666666666668, "percent_covered_display": "22", "missing_lines": 47, "excluded_lines": 0}, "missing_lines": [14, 16, 18, 19, 20, 21, 29, 30, 31, 32, 35, 36, 37, 38, 39, 40, 45, 46, 47, 48, 49, 52, 53, 54, 55, 56, 57, 60, 61, 62, 63, 64, 65, 68, 69, 70, 73, 74, 75, 78, 79, 80, 81, 82, 83, 84, 85], "excluded_lines": []}, "tests/__init__.py": {"executed_lines": [1], "summary": {"covered_lines": 0, "num_statements": 0, "percent_covered": 100.0, "percent_covered_display": "100", "missing_lines": 0, "excluded_lines": 0}, "missing_lines": [], "excluded_lines": []}, "tests/conftest.py": {"executed_lines": [1, 2, 4, 5, 6, 7], "summary": {"covered_lines": 6, "num_statements": 55, "percent_covered": 10.909090909090908, "percent_covered_display": "11", "missing_lines": 49, "excluded_lines": 0}, "missing_lines": [8, 9, 10, 11, 12, 13, 14, 16, 17, 20, 21, 22, 23, 25, 28, 29, 42, 43, 44, 57, 60, 61, 62, 63, 64, 65, 67, 69, 70, 71, 72, 74, 77, 78, 79, 80, 81, 82, 83, 84, 85, 86, 89, 90, 91, 92, 93, 94, 95], "excluded_lines": []}}, "totals": {"covered_lines": 20, "num_statements": 116, "percent_covered": 17.24137931034483, "percent_covered_display": "17", "missing_lines": 96, "excluded_lines": 0}}
