{"meta": {"version": "6.5.0", "timestamp": "2023-02-17T14:59:44.408970", "branch_coverage": true, "show_contexts": false}, "files": {"ichrisbirch/__init__.py": {"executed_lines": [1, 3, 4, 6, 8], "summary": {"covered_lines": 5, "num_statements": 5, "percent_covered": 100.0, "percent_covered_display": "100", "missing_lines": 0, "excluded_lines": 0, "num_branches": 0, "num_partial_branches": 0, "covered_branches": 0, "missing_branches": 0}, "missing_lines": [], "excluded_lines": [], "executed_branches": [], "missing_branches": []}, "ichrisbirch/api/__init__.py": {"executed_lines": [], "summary": {"covered_lines": 0, "num_statements": 0, "percent_covered": 100.0, "percent_covered_display": "100", "missing_lines": 0, "excluded_lines": 0, "num_branches": 0, "num_partial_branches": 0, "covered_branches": 0, "missing_branches": 0}, "missing_lines": [], "excluded_lines": [], "executed_branches": [], "missing_branches": []}, "ichrisbirch/api/crud/__init__.py": {"executed_lines": [1], "summary": {"covered_lines": 1, "num_statements": 1, "percent_covered": 100.0, "percent_covered_display": "100", "missing_lines": 0, "excluded_lines": 0, "num_branches": 0, "num_partial_branches": 0, "covered_branches": 0, "missing_branches": 0}, "missing_lines": [], "excluded_lines": [], "executed_branches": [], "missing_branches": []}, "ichrisbirch/api/crud/base.py": {"executed_lines": [1, 3, 4, 5, 7, 9, 10, 11, 14, 15, 17, 24, 26, 36, 38, 51, 61, 62, 63, 64, 65, 66, 68, 92, 103, 104, 105, 106], "summary": {"covered_lines": 27, "num_statements": 40, "percent_covered": 58.333333333333336, "percent_covered_display": "58", "missing_lines": 13, "excluded_lines": 0, "num_branches": 8, "num_partial_branches": 1, "covered_branches": 1, "missing_branches": 7}, "missing_lines": [49, 79, 80, 81, 83, 84, 85, 86, 87, 88, 89, 90, 107], "excluded_lines": [], "executed_branches": [[103, 104]], "missing_branches": [[80, 81], [80, 83], [84, 85], [84, 87], [85, 84], [85, 86], [103, 107]]}, "ichrisbirch/api/crud/tasks.py": {"executed_lines": [1, 2, 3, 4, 6, 8, 9, 11, 14, 15, 17, 28, 37, 58, 59, 61, 64, 67, 68, 76, 86, 87, 88, 89, 90, 91, 95], "summary": {"covered_lines": 26, "num_statements": 30, "percent_covered": 78.94736842105263, "percent_covered_display": "79", "missing_lines": 4, "excluded_lines": 0, "num_branches": 8, "num_partial_branches": 4, "covered_branches": 4, "missing_branches": 4}, "missing_lines": [62, 65, 70, 92], "excluded_lines": [], "executed_branches": [[61, 64], [64, 67], [67, 68], [86, 87]], "missing_branches": [[61, 62], [64, 65], [67, 70], [86, 92]]}, "ichrisbirch/api/dependencies.py": {"executed_lines": [1, 3, 6, 8, 9, 12, 14, 15, 18], "summary": {"covered_lines": 9, "num_statements": 10, "percent_covered": 92.85714285714286, "percent_covered_display": "93", "missing_lines": 1, "excluded_lines": 0, "num_branches": 4, "num_partial_branches": 0, "covered_branches": 4, "missing_branches": 0}, "missing_lines": [20], "excluded_lines": [], "executed_branches": [[8, -6], [8, 9], [14, -12], [14, 15]], "missing_branches": []}, "ichrisbirch/api/endpoints/__init__.py": {"executed_lines": [], "summary": {"covered_lines": 0, "num_statements": 0, "percent_covered": 100.0, "percent_covered_display": "100", "missing_lines": 0, "excluded_lines": 0, "num_branches": 0, "num_partial_branches": 0, "covered_branches": 0, "missing_branches": 0}, "missing_lines": [], "excluded_lines": [], "executed_branches": [], "missing_branches": []}, "ichrisbirch/api/endpoints/apartments.py": {"executed_lines": [], "summary": {"covered_lines": 0, "num_statements": 0, "percent_covered": 100.0, "percent_covered_display": "100", "missing_lines": 0, "excluded_lines": 0, "num_branches": 0, "num_partial_branches": 0, "covered_branches": 0, "missing_branches": 0}, "missing_lines": [], "excluded_lines": [], "executed_branches": [], "missing_branches": []}, "ichrisbirch/api/endpoints/health.py": {"executed_lines": [1, 2, 3, 5, 7, 9, 14, 15, 19], "summary": {"covered_lines": 9, "num_statements": 9, "percent_covered": 100.0, "percent_covered_display": "100", "missing_lines": 0, "excluded_lines": 0, "num_branches": 2, "num_partial_branches": 0, "covered_branches": 2, "missing_branches": 0}, "missing_lines": [], "excluded_lines": [], "executed_branches": [[15, -1], [15, 14]], "missing_branches": []}, "ichrisbirch/api/endpoints/tasks.py": {"executed_lines": [1, 3, 4, 7, 8, 9, 11, 14, 15, 17, 20, 21, 29, 39, 42, 43, 45, 48, 49, 51, 52, 53, 62, 63, 65, 67, 70, 71, 73, 75], "summary": {"covered_lines": 30, "num_statements": 33, "percent_covered": 88.67924528301887, "percent_covered_display": "89", "missing_lines": 3, "excluded_lines": 0, "num_branches": 20, "num_partial_branches": 3, "covered_branches": 17, "missing_branches": 3}, "missing_lines": [38, 66, 74], "excluded_lines": [], "executed_branches": [[15, 14], [15, 20], [21, 20], [21, 21], [21, 21], [21, 21], [21, 21], [21, 21], [21, 21], [21, 21], [21, 21], [21, 21], [21, 21], [21, 21], [21, 21], [21, 21], [21, 21], [21, 21], [21, 21], [21, 42], [29, 29], [29, 29], [29, 29], [29, 29], [29, 29], [29, 29], [29, 29], [29, 39], [43, 42], [43, 48], [49, 48], [49, 62], [51, 52], [51, 53], [63, 62], [63, 70], [65, 67], [71, -1], [71, 70], [73, 75]], "missing_branches": [[29, 38], [65, 66], [73, 74]]}, "ichrisbirch/api/main.py": {"executed_lines": [], "summary": {"covered_lines": 0, "num_statements": 28, "percent_covered": 0.0, "percent_covered_display": "0", "missing_lines": 28, "excluded_lines": 0, "num_branches": 4, "num_partial_branches": 0, "covered_branches": 0, "missing_branches": 4}, "missing_lines": [1, 2, 3, 4, 5, 7, 9, 12, 17, 20, 26, 27, 30, 31, 33, 34, 35, 37, 39, 40, 41, 42, 46, 54, 55, 59, 60, 63], "excluded_lines": [], "executed_branches": [], "missing_branches": [[31, 30], [31, 46], [60, -1], [60, 59]]}, "ichrisbirch/app/__init__.py": {"executed_lines": [], "summary": {"covered_lines": 0, "num_statements": 0, "percent_covered": 100.0, "percent_covered_display": "100", "missing_lines": 0, "excluded_lines": 0, "num_branches": 0, "num_partial_branches": 0, "covered_branches": 0, "missing_branches": 0}, "missing_lines": [], "excluded_lines": [], "executed_branches": [], "missing_branches": []}, "ichrisbirch/app/easy_dates.py": {"executed_lines": [], "summary": {"covered_lines": 0, "num_statements": 38, "percent_covered": 0.0, "percent_covered_display": "0", "missing_lines": 38, "excluded_lines": 0, "num_branches": 4, "num_partial_branches": 0, "covered_branches": 0, "missing_branches": 4}, "missing_lines": [1, 2, 3, 4, 7, 8, 11, 12, 13, 14, 15, 16, 17, 18, 19, 20, 21, 22, 23, 24, 25, 28, 29, 32, 33, 34, 35, 36, 37, 38, 39, 40, 41, 42, 43, 44, 45, 46], "excluded_lines": [], "executed_branches": [], "missing_branches": [[7, 8], [7, 9], [28, 29], [28, 30]]}, "ichrisbirch/app/main.py": {"executed_lines": [], "summary": {"covered_lines": 0, "num_statements": 22, "percent_covered": 0.0, "percent_covered_display": "0", "missing_lines": 22, "excluded_lines": 0, "num_branches": 2, "num_partial_branches": 0, "covered_branches": 0, "missing_branches": 2}, "missing_lines": [1, 3, 5, 6, 8, 11, 17, 18, 20, 21, 22, 24, 25, 26, 27, 28, 29, 30, 31, 32, 33, 34], "excluded_lines": [], "executed_branches": [], "missing_branches": [[20, 21], [20, 34]]}, "ichrisbirch/app/routes/__init__.py": {"executed_lines": [], "summary": {"covered_lines": 0, "num_statements": 0, "percent_covered": 100.0, "percent_covered_display": "100", "missing_lines": 0, "excluded_lines": 0, "num_branches": 0, "num_partial_branches": 0, "covered_branches": 0, "missing_branches": 0}, "missing_lines": [], "excluded_lines": [], "executed_branches": [], "missing_branches": []}, "ichrisbirch/app/routes/apartments.py": {"executed_lines": [], "summary": {"covered_lines": 0, "num_statements": 46, "percent_covered": 0.0, "percent_covered_display": "0", "missing_lines": 46, "excluded_lines": 0, "num_branches": 34, "num_partial_branches": 0, "covered_branches": 0, "missing_branches": 34}, "missing_lines": [1, 2, 4, 5, 7, 15, 16, 18, 19, 28, 29, 31, 32, 33, 34, 36, 37, 38, 44, 45, 47, 48, 53, 54, 56, 57, 58, 59, 60, 62, 63, 64, 65, 68, 69, 71, 72, 73, 74, 75, 76, 77, 78, 79, 80, 81], "excluded_lines": [], "executed_branches": [], "missing_branches": [[16, 15], [16, 28], [18, -18], [18, 19], [29, 28], [29, 44], [31, -31], [31, 32], [32, -32], [32, 33], [32, 36], [33, -33], [33, 34], [45, 44], [45, 53], [47, -47], [47, 48], [54, 53], [54, 68], [56, -56], [56, 57], [57, -57], [57, 58], [57, 62], [58, -58], [58, 59], [69, -1], [69, 68], [75, 76], [75, 77], [77, 78], [77, 79], [79, 80], [79, 81]]}, "ichrisbirch/app/routes/box_packing.py": {"executed_lines": [], "summary": {"covered_lines": 0, "num_statements": 55, "percent_covered": 0.0, "percent_covered_display": "0", "missing_lines": 55, "excluded_lines": 0, "num_branches": 26, "num_partial_branches": 0, "covered_branches": 0, "missing_branches": 26}, "missing_lines": [1, 2, 4, 5, 6, 8, 11, 12, 14, 15, 16, 17, 18, 19, 20, 21, 22, 23, 25, 27, 35, 36, 38, 39, 40, 41, 42, 43, 44, 46, 47, 50, 51, 53, 54, 55, 62, 63, 65, 66, 67, 68, 69, 70, 71, 72, 73, 74, 75, 76, 77, 78, 79, 80, 82], "excluded_lines": [], "executed_branches": [], "missing_branches": [[12, 11], [12, 35], [16, 17], [16, 27], [20, 21], [20, 25], [36, 35], [36, 50], [40, 41], [40, 47], [42, 40], [42, 43], [43, 44], [43, 46], [51, 50], [51, 62], [63, -1], [63, 62], [69, 70], [69, 72], [72, 73], [72, 75], [75, 76], [75, 78], [78, 79], [78, 82]]}, "ichrisbirch/app/routes/countdowns.py": {"executed_lines": [], "summary": {"covered_lines": 0, "num_statements": 22, "percent_covered": 0.0, "percent_covered_display": "0", "missing_lines": 22, "excluded_lines": 0, "num_branches": 10, "num_partial_branches": 0, "covered_branches": 0, "missing_branches": 10}, "missing_lines": [1, 2, 4, 5, 6, 8, 11, 12, 14, 15, 17, 18, 19, 20, 21, 22, 23, 24, 25, 26, 27, 29], "excluded_lines": [], "executed_branches": [], "missing_branches": [[12, -1], [12, 11], [14, 15], [14, 17], [17, 18], [17, 29], [22, 23], [22, 25], [25, 26], [25, 29]]}, "ichrisbirch/app/routes/events.py": {"executed_lines": [], "summary": {"covered_lines": 0, "num_statements": 22, "percent_covered": 0.0, "percent_covered_display": "0", "missing_lines": 22, "excluded_lines": 0, "num_branches": 10, "num_partial_branches": 0, "covered_branches": 0, "missing_branches": 10}, "missing_lines": [1, 2, 4, 5, 6, 8, 11, 12, 14, 15, 17, 18, 19, 20, 21, 22, 23, 24, 25, 26, 27, 29], "excluded_lines": [], "executed_branches": [], "missing_branches": [[12, -1], [12, 11], [14, 15], [14, 17], [17, 18], [17, 29], [22, 23], [22, 25], [25, 26], [25, 29]]}, "ichrisbirch/app/routes/habits.py": {"executed_lines": [], "summary": {"covered_lines": 0, "num_statements": 70, "percent_covered": 0.0, "percent_covered_display": "0", "missing_lines": 70, "excluded_lines": 0, "num_branches": 30, "num_partial_branches": 0, "covered_branches": 0, "missing_branches": 30}, "missing_lines": [1, 2, 4, 5, 7, 8, 9, 10, 12, 14, 16, 19, 20, 22, 24, 25, 27, 30, 31, 33, 34, 35, 37, 38, 40, 41, 42, 43, 44, 45, 46, 48, 50, 51, 62, 64, 65, 66, 70, 72, 82, 83, 85, 86, 87, 88, 89, 91, 95, 96, 98, 99, 100, 101, 102, 103, 104, 105, 106, 107, 108, 109, 110, 111, 112, 113, 114, 115, 116, 118], "excluded_lines": [], "executed_branches": [], "missing_branches": [[20, 19], [20, 30], [22, 24], [22, 27], [31, 30], [31, 82], [33, 34], [33, 37], [40, 41], [40, 50], [43, 44], [43, 45], [64, 65], [64, 72], [83, 82], [83, 95], [85, 86], [85, 91], [96, -1], [96, 95], [102, 103], [102, 105], [105, 106], [105, 108], [108, 109], [108, 111], [111, 112], [111, 114], [114, 115], [114, 118]]}, "ichrisbirch/app/routes/health.py": {"executed_lines": [], "summary": {"covered_lines": 0, "num_statements": 8, "percent_covered": 0.0, "percent_covered_display": "0", "missing_lines": 8, "excluded_lines": 0, "num_branches": 2, "num_partial_branches": 0, "covered_branches": 0, "missing_branches": 2}, "missing_lines": [1, 2, 4, 6, 8, 16, 17, 19], "excluded_lines": [], "executed_branches": [], "missing_branches": [[17, -1], [17, 16]]}, "ichrisbirch/app/routes/journal.py": {"executed_lines": [], "summary": {"covered_lines": 0, "num_statements": 28, "percent_covered": 0.0, "percent_covered_display": "0", "missing_lines": 28, "excluded_lines": 0, "num_branches": 14, "num_partial_branches": 0, "covered_branches": 0, "missing_branches": 14}, "missing_lines": [1, 2, 4, 5, 7, 10, 11, 12, 14, 15, 16, 17, 19, 20, 23, 24, 26, 27, 28, 29, 30, 32, 35, 36, 38, 39, 40, 41], "excluded_lines": [], "executed_branches": [], "missing_branches": [[10, 11], [10, 12], [11, 10], [11, 12], [12, 11], [12, 23], [15, 16], [15, 19], [24, 23], [24, 35], [27, 28], [27, 32], [36, -1], [36, 35]]}, "ichrisbirch/app/routes/main.py": {"executed_lines": [], "summary": {"covered_lines": 0, "num_statements": 6, "percent_covered": 0.0, "percent_covered_display": "0", "missing_lines": 6, "excluded_lines": 0, "num_branches": 2, "num_partial_branches": 0, "covered_branches": 0, "missing_branches": 2}, "missing_lines": [1, 3, 5, 13, 14, 16], "excluded_lines": [], "executed_branches": [], "missing_branches": [[14, -1], [14, 13]]}, "ichrisbirch/app/routes/portfolio.py": {"executed_lines": [], "summary": {"covered_lines": 0, "num_statements": 5, "percent_covered": 0.0, "percent_covered_display": "0", "missing_lines": 5, "excluded_lines": 0, "num_branches": 2, "num_partial_branches": 0, "covered_branches": 0, "missing_branches": 2}, "missing_lines": [1, 3, 11, 12, 14], "excluded_lines": [], "executed_branches": [], "missing_branches": [[12, -1], [12, 11]]}, "ichrisbirch/app/routes/tasks.py": {"executed_lines": [], "summary": {"covered_lines": 0, "num_statements": 111, "percent_covered": 0.0, "percent_covered_display": "0", "missing_lines": 111, "excluded_lines": 0, "num_branches": 42, "num_partial_branches": 0, "covered_branches": 0, "missing_branches": 42}, "missing_lines": [1, 2, 3, 4, 5, 6, 7, 9, 10, 11, 12, 14, 15, 16, 17, 19, 26, 28, 29, 32, 34, 35, 38, 40, 41, 42, 43, 44, 45, 48, 49, 51, 52, 54, 55, 57, 58, 60, 68, 69, 71, 72, 73, 76, 77, 79, 80, 90, 91, 92, 93, 94, 95, 97, 98, 100, 101, 102, 103, 108, 111, 117, 118, 119, 120, 121, 122, 123, 124, 125, 126, 127, 129, 141, 142, 144, 145, 146, 147, 148, 149, 150, 151, 152, 153, 154, 155, 156, 157, 158, 159, 160, 161, 162, 163, 166, 167, 171, 172, 173, 174, 175, 186, 187, 188, 191, 192, 196, 198, 199, 200], "excluded_lines": [], "executed_branches": [], "missing_branches": [[29, -29], [29, 32], [34, -34], [34, 35], [35, -35], [35, -32], [40, 41], [40, 42], [42, -42], [42, 43], [49, 48], [49, 68], [69, 68], [69, 76], [77, 76], [77, 141], [91, 92], [91, 97], [108, -108], [108, 111], [111, -111], [111, 117], [120, -120], [120, 121], [142, 141], [142, 166], [149, 150], [149, 154], [154, 155], [154, 159], [159, -141], [159, 160], [167, 166], [167, 191], [172, 173], [172, 188], [173, 174], [173, 187], [192, -1], [192, 191], [196, 198], [196, 200]]}, "ichrisbirch/base_logger.py": {"executed_lines": [1, 3, 5, 6, 8, 10, 11, 13, 14, 16, 17, 19, 20, 23], "summary": {"covered_lines": 14, "num_statements": 14, "percent_covered": 100.0, "percent_covered_display": "100", "missing_lines": 0, "excluded_lines": 0, "num_branches": 0, "num_partial_branches": 0, "covered_branches": 0, "missing_branches": 0}, "missing_lines": [], "excluded_lines": [], "executed_branches": [], "missing_branches": []}, "ichrisbirch/config.py": {"executed_lines": [1, 2, 3, 6, 7, 8, 10, 11, 14, 15, 16, 18, 19, 20, 21, 24, 25, 26, 28, 29, 30, 33, 34, 35, 37, 38, 39, 40, 45, 46, 47, 49, 50, 51, 52, 55, 56, 57, 59, 62, 63, 64, 66, 67, 68, 71, 72, 73, 75, 76, 77, 78, 79, 81, 82, 83, 84, 85, 86, 87, 88], "summary": {"covered_lines": 53, "num_statements": 53, "percent_covered": 100.0, "percent_covered_display": "100", "missing_lines": 0, "excluded_lines": 0, "num_branches": 18, "num_partial_branches": 0, "covered_branches": 18, "missing_branches": 0}, "missing_lines": [], "excluded_lines": [], "executed_branches": [[6, 7], [6, 8], [14, 15], [14, 16], [24, 25], [24, 26], [33, 34], [33, 35], [45, 46], [45, 47], [55, 56], [55, 57], [62, 63], [62, 64], [71, 72], [71, 73], [76, -76], [76, 77]], "missing_branches": []}, "ichrisbirch/create-schemas.py": {"executed_lines": [], "summary": {"covered_lines": 0, "num_statements": 13, "percent_covered": 0.0, "percent_covered_display": "0", "missing_lines": 13, "excluded_lines": 0, "num_branches": 6, "num_partial_branches": 0, "covered_branches": 0, "missing_branches": 6}, "missing_lines": [1, 3, 4, 5, 7, 9, 10, 12, 13, 14, 15, 16, 17], "excluded_lines": [], "executed_branches": [], "missing_branches": [[12, -1], [12, 13], [13, 14], [13, 17], [14, 13], [14, 15]]}, "ichrisbirch/db/__init__.py": {"executed_lines": [], "summary": {"covered_lines": 0, "num_statements": 0, "percent_covered": 100.0, "percent_covered_display": "100", "missing_lines": 0, "excluded_lines": 0, "num_branches": 0, "num_partial_branches": 0, "covered_branches": 0, "missing_branches": 0}, "missing_lines": [], "excluded_lines": [], "executed_branches": [], "missing_branches": []}, "ichrisbirch/db/sqlalchemy/__init__.py": {"executed_lines": [], "summary": {"covered_lines": 0, "num_statements": 0, "percent_covered": 100.0, "percent_covered_display": "100", "missing_lines": 0, "excluded_lines": 0, "num_branches": 0, "num_partial_branches": 0, "covered_branches": 0, "missing_branches": 0}, "missing_lines": [], "excluded_lines": [], "executed_branches": [], "missing_branches": []}, "ichrisbirch/db/sqlalchemy/base.py": {"executed_lines": [1, 3], "summary": {"covered_lines": 2, "num_statements": 2, "percent_covered": 100.0, "percent_covered_display": "100", "missing_lines": 0, "excluded_lines": 0, "num_branches": 0, "num_partial_branches": 0, "covered_branches": 0, "missing_branches": 0}, "missing_lines": [], "excluded_lines": [], "executed_branches": [], "missing_branches": []}, "ichrisbirch/db/sqlalchemy/session.py": {"executed_lines": [1, 2, 4, 6, 8, 11], "summary": {"covered_lines": 6, "num_statements": 10, "percent_covered": 60.0, "percent_covered_display": "60", "missing_lines": 4, "excluded_lines": 0, "num_branches": 0, "num_partial_branches": 0, "covered_branches": 0, "missing_branches": 0}, "missing_lines": [13, 14, 15, 17], "excluded_lines": [], "executed_branches": [], "missing_branches": []}, "ichrisbirch/environment.py": {"executed_lines": [1, 2, 4, 6, 8, 9, 10, 11, 12, 26, 27, 28], "summary": {"covered_lines": 12, "num_statements": 21, "percent_covered": 48.275862068965516, "percent_covered_display": "48", "missing_lines": 9, "excluded_lines": 0, "num_branches": 8, "num_partial_branches": 2, "covered_branches": 2, "missing_branches": 6}, "missing_lines": [13, 14, 15, 16, 17, 18, 19, 20, 21], "excluded_lines": [], "executed_branches": [[8, 9], [10, 11]], "missing_branches": [[8, 26], [10, 13], [13, 14], [13, 16], [16, 17], [16, 19]]}, "ichrisbirch/models/__init__.py": {"executed_lines": [1], "summary": {"covered_lines": 1, "num_statements": 1, "percent_covered": 100.0, "percent_covered_display": "100", "missing_lines": 0, "excluded_lines": 0, "num_branches": 0, "num_partial_branches": 0, "covered_branches": 0, "missing_branches": 0}, "missing_lines": [], "excluded_lines": [], "executed_branches": [], "missing_branches": []}, "ichrisbirch/models/apartments.py": {"executed_lines": [], "summary": {"covered_lines": 0, "num_statements": 27, "percent_covered": 0.0, "percent_covered_display": "0", "missing_lines": 27, "excluded_lines": 0, "num_branches": 0, "num_partial_branches": 0, "covered_branches": 0, "missing_branches": 0}, "missing_lines": [1, 2, 4, 7, 10, 11, 12, 13, 14, 15, 16, 17, 19, 20, 24, 27, 28, 29, 30, 31, 32, 33, 34, 35, 36, 38, 39], "excluded_lines": [], "executed_branches": [], "missing_branches": []}, "ichrisbirch/models/box_packing.py": {"executed_lines": [], "summary": {"covered_lines": 0, "num_statements": 27, "percent_covered": 0.0, "percent_covered_display": "0", "missing_lines": 27, "excluded_lines": 0, "num_branches": 0, "num_partial_branches": 0, "covered_branches": 0, "missing_branches": 0}, "missing_lines": [1, 2, 4, 7, 10, 11, 12, 13, 14, 15, 16, 17, 18, 20, 21, 25, 28, 29, 30, 31, 32, 33, 34, 35, 36, 38, 39], "excluded_lines": [], "executed_branches": [], "missing_branches": []}, "ichrisbirch/models/countdowns.py": {"executed_lines": [], "summary": {"covered_lines": 0, "num_statements": 9, "percent_covered": 0.0, "percent_covered_display": "0", "missing_lines": 9, "excluded_lines": 0, "num_branches": 0, "num_partial_branches": 0, "covered_branches": 0, "missing_branches": 0}, "missing_lines": [1, 3, 6, 9, 10, 11, 12, 14, 15], "excluded_lines": [], "executed_branches": [], "missing_branches": []}, "ichrisbirch/models/events.py": {"executed_lines": [], "summary": {"covered_lines": 0, "num_statements": 14, "percent_covered": 0.0, "percent_covered_display": "0", "missing_lines": 14, "excluded_lines": 0, "num_branches": 0, "num_partial_branches": 0, "covered_branches": 0, "missing_branches": 0}, "missing_lines": [1, 3, 6, 9, 10, 11, 12, 13, 14, 15, 16, 17, 19, 20], "excluded_lines": [], "executed_branches": [], "missing_branches": []}, "ichrisbirch/models/habits.py": {"executed_lines": [], "summary": {"covered_lines": 0, "num_statements": 17, "percent_covered": 0.0, "percent_covered_display": "0", "missing_lines": 17, "excluded_lines": 0, "num_branches": 0, "num_partial_branches": 0, "covered_branches": 0, "missing_branches": 0}, "missing_lines": [1, 3, 6, 9, 10, 11, 12, 15, 18, 19, 20, 21, 24, 27, 28, 29, 30], "excluded_lines": [], "executed_branches": [], "missing_branches": []}, "ichrisbirch/models/journal.py": {"executed_lines": [], "summary": {"covered_lines": 0, "num_statements": 10, "percent_covered": 0.0, "percent_covered_display": "0", "missing_lines": 10, "excluded_lines": 0, "num_branches": 0, "num_partial_branches": 0, "covered_branches": 0, "missing_branches": 0}, "missing_lines": [1, 2, 4, 7, 10, 11, 12, 13, 14, 15], "excluded_lines": [], "executed_branches": [], "missing_branches": []}, "ichrisbirch/models/portfolio.py": {"executed_lines": [], "summary": {"covered_lines": 0, "num_statements": 9, "percent_covered": 0.0, "percent_covered_display": "0", "missing_lines": 9, "excluded_lines": 0, "num_branches": 0, "num_partial_branches": 0, "covered_branches": 0, "missing_branches": 0}, "missing_lines": [1, 2, 4, 7, 10, 11, 12, 13, 14], "excluded_lines": [], "executed_branches": [], "missing_branches": []}, "ichrisbirch/models/tasks.py": {"executed_lines": [1, 3, 4, 6, 9, 10, 11, 12, 13, 14, 15, 16, 17, 20, 21, 23, 24, 25, 26, 27, 28, 29, 30, 32, 36, 37, 41, 42], "summary": {"covered_lines": 27, "num_statements": 31, "percent_covered": 88.57142857142857, "percent_covered_display": "89", "missing_lines": 4, "excluded_lines": 0, "num_branches": 4, "num_partial_branches": 0, "covered_branches": 4, "missing_branches": 0}, "missing_lines": [33, 39, 44, 45], "excluded_lines": [], "executed_branches": [[37, 36], [37, 41], [42, -20], [42, 41]], "missing_branches": []}, "ichrisbirch/runapidev.py": {"executed_lines": [], "summary": {"covered_lines": 0, "num_statements": 3, "percent_covered": 0.0, "percent_covered_display": "0", "missing_lines": 3, "excluded_lines": 0, "num_branches": 2, "num_partial_branches": 0, "covered_branches": 0, "missing_branches": 2}, "missing_lines": [1, 3, 4], "excluded_lines": [], "executed_branches": [], "missing_branches": [[3, -1], [3, 4]]}, "ichrisbirch/runappdev.py": {"executed_lines": [], "summary": {"covered_lines": 0, "num_statements": 3, "percent_covered": 0.0, "percent_covered_display": "0", "missing_lines": 3, "excluded_lines": 0, "num_branches": 2, "num_partial_branches": 0, "covered_branches": 0, "missing_branches": 2}, "missing_lines": [1, 3, 4], "excluded_lines": [], "executed_branches": [], "missing_branches": [[3, -1], [3, 4]]}, "ichrisbirch/schemas/__init__.py": {"executed_lines": [1, 2], "summary": {"covered_lines": 2, "num_statements": 2, "percent_covered": 100.0, "percent_covered_display": "100", "missing_lines": 0, "excluded_lines": 0, "num_branches": 0, "num_partial_branches": 0, "covered_branches": 0, "missing_branches": 0}, "missing_lines": [], "excluded_lines": [], "executed_branches": [], "missing_branches": []}, "ichrisbirch/schemas/health.py": {"executed_lines": [1, 4, 5, 7, 8, 9, 10, 11, 12, 13], "summary": {"covered_lines": 9, "num_statements": 9, "percent_covered": 100.0, "percent_covered_display": "100", "missing_lines": 0, "excluded_lines": 0, "num_branches": 0, "num_partial_branches": 0, "covered_branches": 0, "missing_branches": 0}, "missing_lines": [], "excluded_lines": [], "executed_branches": [], "missing_branches": []}, "ichrisbirch/schemas/tasks.py": {"executed_lines": [1, 3, 5, 8, 9, 11, 12, 13, 14, 17, 18, 20, 21, 22, 23, 24, 25, 26, 28, 29, 30, 33, 34, 36], "summary": {"covered_lines": 21, "num_statements": 21, "percent_covered": 100.0, "percent_covered_display": "100", "missing_lines": 0, "excluded_lines": 0, "num_branches": 0, "num_partial_branches": 0, "covered_branches": 0, "missing_branches": 0}, "missing_lines": [], "excluded_lines": [], "executed_branches": [], "missing_branches": []}, "ichrisbirch/wsgi.py": {"executed_lines": [], "summary": {"covered_lines": 0, "num_statements": 4, "percent_covered": 0.0, "percent_covered_display": "0", "missing_lines": 4, "excluded_lines": 0, "num_branches": 0, "num_partial_branches": 0, "covered_branches": 0, "missing_branches": 0}, "missing_lines": [1, 2, 4, 5], "excluded_lines": [], "executed_branches": [], "missing_branches": []}}, "totals": {"covered_lines": 254, "num_statements": 889, "percent_covered": 26.539462272333044, "percent_covered_display": "27", "missing_lines": 635, "excluded_lines": 0, "num_branches": 264, "num_partial_branches": 10, "covered_branches": 52, "missing_branches": 212}}
