{"meta": {"version": "6.5.0", "timestamp": "2023-01-23T13:38:09.059031", "branch_coverage": false, "show_contexts": false}, "files": {"euphoria/__init__.py": {"executed_lines": [1, 3, 4, 6, 8], "summary": {"covered_lines": 5, "num_statements": 5, "percent_covered": 100.0, "percent_covered_display": "100", "missing_lines": 0, "excluded_lines": 0}, "missing_lines": [], "excluded_lines": []}, "euphoria/backend/__init__.py": {"executed_lines": [1], "summary": {"covered_lines": 0, "num_statements": 0, "percent_covered": 100.0, "percent_covered_display": "100", "missing_lines": 0, "excluded_lines": 0}, "missing_lines": [], "excluded_lines": []}, "euphoria/backend/api/__init__.py": {"executed_lines": [1], "summary": {"covered_lines": 0, "num_statements": 0, "percent_covered": 100.0, "percent_covered_display": "100", "missing_lines": 0, "excluded_lines": 0}, "missing_lines": [], "excluded_lines": []}, "euphoria/backend/api/crud/__init__.py": {"executed_lines": [1], "summary": {"covered_lines": 1, "num_statements": 1, "percent_covered": 100.0, "percent_covered_display": "100", "missing_lines": 0, "excluded_lines": 0}, "missing_lines": [], "excluded_lines": []}, "euphoria/backend/api/crud/base.py": {"executed_lines": [1, 3, 4, 5, 7, 9, 10, 11, 14, 15, 22, 24, 25, 27, 34, 35, 36, 37, 38, 39, 40, 42, 62, 63, 64, 65, 66], "summary": {"covered_lines": 27, "num_statements": 40, "percent_covered": 67.5, "percent_covered_display": "68", "missing_lines": 13, "excluded_lines": 0}, "missing_lines": [30, 49, 50, 51, 53, 54, 55, 56, 57, 58, 59, 60, 68], "excluded_lines": []}, "euphoria/backend/api/crud/tasks.py": {"executed_lines": [1, 2, 3, 5, 7, 8, 9, 11, 14, 15, 16, 25, 34, 42, 50, 51, 69, 70, 71, 72, 73, 74, 75, 80], "summary": {"covered_lines": 24, "num_statements": 28, "percent_covered": 85.71428571428571, "percent_covered_display": "86", "missing_lines": 4, "excluded_lines": 0}, "missing_lines": [35, 43, 59, 77], "excluded_lines": []}, "euphoria/backend/api/endpoints/__init__.py": {"executed_lines": [1], "summary": {"covered_lines": 0, "num_statements": 0, "percent_covered": 100.0, "percent_covered_display": "100", "missing_lines": 0, "excluded_lines": 0}, "missing_lines": [], "excluded_lines": []}, "euphoria/backend/api/endpoints/health.py": {"executed_lines": [1, 2, 3, 4, 5, 6, 8, 13, 14, 18], "summary": {"covered_lines": 10, "num_statements": 10, "percent_covered": 100.0, "percent_covered_display": "100", "missing_lines": 0, "excluded_lines": 0}, "missing_lines": [], "excluded_lines": []}, "euphoria/backend/api/endpoints/tasks.py": {"executed_lines": [1, 2, 4, 6, 7, 9, 12, 13, 14, 17, 18, 25, 36, 39, 40, 41, 44, 45, 46, 47, 48, 57, 58, 59, 61, 64, 65, 66, 68], "summary": {"covered_lines": 29, "num_statements": 32, "percent_covered": 90.625, "percent_covered_display": "91", "missing_lines": 3, "excluded_lines": 0}, "missing_lines": [34, 60, 67], "excluded_lines": []}, "euphoria/backend/common/__init__.py": {"executed_lines": [1], "summary": {"covered_lines": 0, "num_statements": 0, "percent_covered": 100.0, "percent_covered_display": "100", "missing_lines": 0, "excluded_lines": 0}, "missing_lines": [], "excluded_lines": []}, "euphoria/backend/common/db/__init__.py": {"executed_lines": [1], "summary": {"covered_lines": 0, "num_statements": 0, "percent_covered": 100.0, "percent_covered_display": "100", "missing_lines": 0, "excluded_lines": 0}, "missing_lines": [], "excluded_lines": []}, "euphoria/backend/common/db/sqlalchemy/__init__.py": {"executed_lines": [1], "summary": {"covered_lines": 0, "num_statements": 0, "percent_covered": 100.0, "percent_covered_display": "100", "missing_lines": 0, "excluded_lines": 0}, "missing_lines": [], "excluded_lines": []}, "euphoria/backend/common/db/sqlalchemy/base.py": {"executed_lines": [1, 3], "summary": {"covered_lines": 2, "num_statements": 2, "percent_covered": 100.0, "percent_covered_display": "100", "missing_lines": 0, "excluded_lines": 0}, "missing_lines": [], "excluded_lines": []}, "euphoria/backend/common/db/sqlalchemy/session.py": {"executed_lines": [1, 2, 4, 6, 8, 11], "summary": {"covered_lines": 6, "num_statements": 10, "percent_covered": 60.0, "percent_covered_display": "60", "missing_lines": 4, "excluded_lines": 0}, "missing_lines": [13, 14, 15, 17], "excluded_lines": []}, "euphoria/backend/common/models/__init__.py": {"executed_lines": [1], "summary": {"covered_lines": 1, "num_statements": 1, "percent_covered": 100.0, "percent_covered_display": "100", "missing_lines": 0, "excluded_lines": 0}, "missing_lines": [], "excluded_lines": []}, "euphoria/backend/common/models/tasks.py": {"executed_lines": [1, 3, 4, 5, 8, 9, 10, 11, 12, 13, 14, 15, 16, 19, 20, 21, 22, 23, 24, 25, 26, 27, 29, 33, 34, 39, 40], "summary": {"covered_lines": 27, "num_statements": 36, "percent_covered": 75.0, "percent_covered_display": "75", "missing_lines": 9, "excluded_lines": 0}, "missing_lines": [30, 35, 36, 37, 41, 42, 43, 44, 45], "excluded_lines": []}, "euphoria/backend/common/schemas/__init__.py": {"executed_lines": [1, 2], "summary": {"covered_lines": 2, "num_statements": 2, "percent_covered": 100.0, "percent_covered_display": "100", "missing_lines": 0, "excluded_lines": 0}, "missing_lines": [], "excluded_lines": []}, "euphoria/backend/common/schemas/health.py": {"executed_lines": [1, 4, 5, 6, 7, 8, 9, 10, 11], "summary": {"covered_lines": 9, "num_statements": 9, "percent_covered": 100.0, "percent_covered_display": "100", "missing_lines": 0, "excluded_lines": 0}, "missing_lines": [], "excluded_lines": []}, "euphoria/backend/common/schemas/tasks.py": {"executed_lines": [1, 2, 3, 6, 7, 8, 9, 10, 13, 14, 15, 16, 17, 18, 19, 20, 22, 23, 24, 27, 28], "summary": {"covered_lines": 21, "num_statements": 21, "percent_covered": 100.0, "percent_covered_display": "100", "missing_lines": 0, "excluded_lines": 0}, "missing_lines": [], "excluded_lines": []}, "euphoria/base_logger.py": {"executed_lines": [1, 3, 5, 7, 9, 10, 12, 13, 15, 16, 18, 19, 22], "summary": {"covered_lines": 13, "num_statements": 13, "percent_covered": 100.0, "percent_covered_display": "100", "missing_lines": 0, "excluded_lines": 0}, "missing_lines": [], "excluded_lines": []}, "euphoria/config.py": {"executed_lines": [1, 2, 5, 6, 7, 8, 11, 12, 13, 14, 15, 16, 21, 22, 23, 24, 25, 28, 29, 30, 31, 32, 33, 36, 37, 38, 39, 40, 41, 44, 45, 46, 49, 50, 51, 52, 53, 56, 57, 58, 59, 60, 61, 62, 64, 65, 66, 67, 68, 69, 70, 71], "summary": {"covered_lines": 52, "num_statements": 52, "percent_covered": 100.0, "percent_covered_display": "100", "missing_lines": 0, "excluded_lines": 0}, "missing_lines": [], "excluded_lines": []}, "euphoria/environment.py": {"executed_lines": [1, 2, 4, 6, 8, 9, 10, 11, 12, 26], "summary": {"covered_lines": 10, "num_statements": 19, "percent_covered": 52.63157894736842, "percent_covered_display": "53", "missing_lines": 9, "excluded_lines": 0}, "missing_lines": [13, 14, 15, 16, 17, 18, 19, 20, 21], "excluded_lines": []}, "euphoria/tests/__init__.py": {"executed_lines": [1], "summary": {"covered_lines": 0, "num_statements": 0, "percent_covered": 100.0, "percent_covered_display": "100", "missing_lines": 0, "excluded_lines": 0}, "missing_lines": [], "excluded_lines": []}, "euphoria/tests/backend/api/endpoints/__init__.py": {"executed_lines": [1], "summary": {"covered_lines": 0, "num_statements": 0, "percent_covered": 100.0, "percent_covered_display": "100", "missing_lines": 0, "excluded_lines": 0}, "missing_lines": [], "excluded_lines": []}, "euphoria/tests/backend/api/endpoints/test_health.py": {"executed_lines": [1, 2, 3, 4, 7, 10, 11, 12, 15, 16, 17, 18], "summary": {"covered_lines": 12, "num_statements": 12, "percent_covered": 100.0, "percent_covered_display": "100", "missing_lines": 0, "excluded_lines": 0}, "missing_lines": [], "excluded_lines": []}, "euphoria/tests/backend/api/endpoints/test_tasks.py": {"executed_lines": [1, 2, 3, 4, 5, 6, 9, 10, 11, 12, 14, 15, 16, 17, 20, 21, 23, 26, 27, 28, 31, 32, 33, 36, 37, 38, 39, 42, 43, 44, 45, 48, 49, 50, 51, 54, 55, 56, 57, 58, 59, 60, 61, 62, 65, 66, 67, 68, 71, 72, 73, 74, 75, 76, 79, 80, 81, 82, 83, 84, 85, 86, 87, 88, 89, 90], "summary": {"covered_lines": 66, "num_statements": 66, "percent_covered": 100.0, "percent_covered_display": "100", "missing_lines": 0, "excluded_lines": 0}, "missing_lines": [], "excluded_lines": []}, "euphoria/tests/conftest.py": {"executed_lines": [1, 2, 3, 5, 6, 7, 8, 9, 10, 11, 12, 14, 15, 16, 18, 19, 22, 23, 24, 25, 26, 29, 32, 33, 34, 35, 37, 40, 41, 54, 55, 56, 69, 72, 73, 74, 75, 76, 77, 79, 81, 86, 89, 90, 91, 92, 93, 94, 95, 96, 97, 98, 101, 102, 103, 104, 105, 106, 107], "summary": {"covered_lines": 59, "num_statements": 62, "percent_covered": 95.16129032258064, "percent_covered_display": "95", "missing_lines": 3, "excluded_lines": 0}, "missing_lines": [82, 83, 84], "excluded_lines": []}, "euphoria/tests/data_generators/__init__.py": {"executed_lines": [1], "summary": {"covered_lines": 1, "num_statements": 1, "percent_covered": 100.0, "percent_covered_display": "100", "missing_lines": 0, "excluded_lines": 0}, "missing_lines": [], "excluded_lines": []}, "euphoria/tests/data_generators/base.py": {"executed_lines": [1, 2, 3, 6, 7, 14, 15, 16, 17, 19, 20, 21, 23, 24, 30, 31, 33, 35, 36, 38], "summary": {"covered_lines": 19, "num_statements": 21, "percent_covered": 90.47619047619048, "percent_covered_display": "90", "missing_lines": 2, "excluded_lines": 0}, "missing_lines": [32, 37], "excluded_lines": []}, "euphoria/tests/data_generators/tasks.py": {"executed_lines": [1, 3, 4, 7, 8, 10, 11, 13, 14], "summary": {"covered_lines": 8, "num_statements": 8, "percent_covered": 100.0, "percent_covered_display": "100", "missing_lines": 0, "excluded_lines": 0}, "missing_lines": [], "excluded_lines": []}, "euphoria/tests/helpers.py": {"executed_lines": [1, 4, 18, 19, 21, 22], "summary": {"covered_lines": 6, "num_statements": 6, "percent_covered": 100.0, "percent_covered_display": "100", "missing_lines": 0, "excluded_lines": 0}, "missing_lines": [], "excluded_lines": []}, "euphoria/tests/test_helpers.py": {"executed_lines": [1, 4, 5, 8, 9, 12, 13, 16, 17, 20, 21, 24, 25], "summary": {"covered_lines": 13, "num_statements": 13, "percent_covered": 100.0, "percent_covered_display": "100", "missing_lines": 0, "excluded_lines": 0}, "missing_lines": [], "excluded_lines": []}}, "totals": {"covered_lines": 423, "num_statements": 470, "percent_covered": 90.0, "percent_covered_display": "90", "missing_lines": 47, "excluded_lines": 0}}
